d:\maria\documents\proyectos\zoovirtual\lcgihc_diorama\lcgihc_diorama\debug\vc143.pdb
d:\maria\documents\proyectos\zoovirtual\lcgihc_diorama\lcgihc_diorama\debug\vc143.idb
d:\maria\documents\proyectos\zoovirtual\lcgihc_diorama\lcgihc_diorama\debug\window.obj
d:\maria\documents\proyectos\zoovirtual\lcgihc_diorama\lcgihc_diorama\debug\texture.obj
d:\maria\documents\proyectos\zoovirtual\lcgihc_diorama\lcgihc_diorama\debug\spotlight.obj
d:\maria\documents\proyectos\zoovirtual\lcgihc_diorama\lcgihc_diorama\debug\sphere.obj
d:\maria\documents\proyectos\zoovirtual\lcgihc_diorama\lcgihc_diorama\debug\skybox.obj
d:\maria\documents\proyectos\zoovirtual\lcgihc_diorama\lcgihc_diorama\debug\shader_light.obj
d:\maria\documents\proyectos\zoovirtual\lcgihc_diorama\lcgihc_diorama\debug\pointlight.obj
d:\maria\documents\proyectos\zoovirtual\lcgihc_diorama\lcgihc_diorama\debug\model.obj
d:\maria\documents\proyectos\zoovirtual\lcgihc_diorama\lcgihc_diorama\debug\mesh_tn.obj
d:\maria\documents\proyectos\zoovirtual\lcgihc_diorama\lcgihc_diorama\debug\material.obj
d:\maria\documents\proyectos\zoovirtual\lcgihc_diorama\lcgihc_diorama\debug\light.obj
d:\maria\documents\proyectos\zoovirtual\lcgihc_diorama\lcgihc_diorama\debug\lcgihc_diorama.obj
d:\maria\documents\proyectos\zoovirtual\lcgihc_diorama\lcgihc_diorama\debug\directionallight.obj
d:\maria\documents\proyectos\zoovirtual\lcgihc_diorama\lcgihc_diorama\debug\camera.obj
d:\maria\documents\proyectos\zoovirtual\lcgihc_diorama\debug\lcgihc_diorama.exe
d:\maria\documents\proyectos\zoovirtual\lcgihc_diorama\lcgihc_diorama\debug\lcgihc_diorama.ilk
d:\maria\documents\proyectos\zoovirtual\lcgihc_diorama\debug\lcgihc_diorama.pdb
d:\maria\documents\proyectos\zoovirtual\lcgihc_diorama\lcgihc_diorama\debug\lcgihc_diorama.tlog\cl.command.1.tlog
d:\maria\documents\proyectos\zoovirtual\lcgihc_diorama\lcgihc_diorama\debug\lcgihc_diorama.tlog\cl.items.tlog
d:\maria\documents\proyectos\zoovirtual\lcgihc_diorama\lcgihc_diorama\debug\lcgihc_diorama.tlog\cl.read.1.tlog
d:\maria\documents\proyectos\zoovirtual\lcgihc_diorama\lcgihc_diorama\debug\lcgihc_diorama.tlog\cl.write.1.tlog
d:\maria\documents\proyectos\zoovirtual\lcgihc_diorama\lcgihc_diorama\debug\lcgihc_diorama.tlog\link.command.1.tlog
d:\maria\documents\proyectos\zoovirtual\lcgihc_diorama\lcgihc_diorama\debug\lcgihc_diorama.tlog\link.read.1.tlog
d:\maria\documents\proyectos\zoovirtual\lcgihc_diorama\lcgihc_diorama\debug\lcgihc_diorama.tlog\link.write.1.tlog
